  0)    <idle>-0    |               |  switch_mm_irqs_off() {
  0)    <idle>-0    |   0.310 us    |    load_new_mm_cr3();
  0)    <idle>-0    |   0.220 us    |    switch_ldt();
  0)    <idle>-0    |   6.900 us    |  }
 ------------------------------------------
  0)    <idle>-0    =>  user-179720  
 ------------------------------------------

  0)  user-179720   |               |  finish_task_switch() {
  0)  user-179720   |   0.100 us    |    raw_spin_rq_unlock();
  0)  user-179720   |   0.130 us    |    irq_enter_rcu();
  0)  user-179720   |               |    __sysvec_irq_work() {
  0)  user-179720   |               |      __wake_up() {
  0)  user-179720   |               |        __wake_up_common_lock() {
  0)  user-179720   |   0.110 us    |          _raw_spin_lock_irqsave();
  0)  user-179720   |               |          __wake_up_common() {
  0)  user-179720   |               |            autoremove_wake_function() {
  0)  user-179720   |               |              default_wake_function() {
  0)  user-179720   |               |                try_to_wake_up() {
  0)  user-179720   |   0.290 us    |                  _raw_spin_lock_irqsave();
  0)  user-179720   |               |                  select_task_rq_fair() {
  0)  user-179720   |   0.110 us    |                    available_idle_cpu();
  0)  user-179720   |   0.260 us    |                    available_idle_cpu();
  0)  user-179720   |   1.220 us    |                    update_cfs_rq_h_load();
  0)  user-179720   |               |                    select_idle_sibling() {
  0)  user-179720   |   0.110 us    |                      available_idle_cpu();
  0)  user-179720   |   0.130 us    |                      cpus_share_cache();
  0)  user-179720   |   0.210 us    |                      cpus_share_cache();
  0)  user-179720   |   0.570 us    |                      available_idle_cpu();
  0)  user-179720   |   1.590 us    |                    }
  0)  user-179720   |   0.110 us    |                    rcu_read_unlock_strict();
  0)  user-179720   |   4.410 us    |                  }
  0)  user-179720   |               |                  set_task_cpu() {
  0)  user-179720   |               |                    migrate_task_rq_fair() {
  0)  user-179720   |               |                      remove_entity_load_avg() {
  0)  user-179720   |               |                        __update_load_avg_blocked_se() {
  0)  user-179720   |   0.120 us    |                          decay_load();
  0)  user-179720   |   0.130 us    |                          decay_load();
  0)  user-179720   |   0.100 us    |                          decay_load();
  0)  user-179720   |   0.790 us    |                        }
  0)  user-179720   |   0.240 us    |                        _raw_spin_lock_irqsave();
  0)  user-179720   |   0.110 us    |                        _raw_spin_unlock_irqrestore();
  0)  user-179720   |   1.560 us    |                      }
  0)  user-179720   |   1.800 us    |                    }
  0)  user-179720   |   0.120 us    |                    set_task_rq_fair();
  0)  user-179720   |   2.690 us    |                  }
  0)  user-179720   |               |                  ttwu_queue_wakelist() {
  0)  user-179720   |               |                    __smp_call_single_queue() {
  0)  user-179720   |               |                      send_call_function_single_ipi() {
  0)  user-179720   |               |                        native_send_call_func_single_ipi() {
  0)  user-179720   |   5.390 us    |                          x2apic_send_IPI();
  0)  user-179720   |   5.650 us    |                        }
  0)  user-179720   |   6.220 us    |                      }
  0)  user-179720   |   7.180 us    |                    }
  0)  user-179720   |   7.450 us    |                  }
  0)  user-179720   |   0.110 us    |                  _raw_spin_unlock_irqrestore();
  0)  user-179720   | + 16.130 us   |                }
  0)  user-179720   | + 16.380 us   |              }
  0)  user-179720   | + 16.630 us   |            }
  0)  user-179720   | + 17.170 us   |          } /* __wake_up_common */
  0)  user-179720   |   0.110 us    |          _raw_spin_unlock_irqrestore();
  0)  user-179720   | + 17.900 us   |        }
  0)  user-179720   | + 18.130 us   |      }
  0)  user-179720   | + 18.640 us   |    }
  0)  user-179720   |               |    irq_exit_rcu() {
  0)  user-179720   |   0.120 us    |      idle_cpu();
  0)  user-179720   |   0.330 us    |    }
  0)  user-179720   |               |    __mmdrop() {
  0)  user-179720   |               |      pgd_free() {
  0)  user-179720   |   0.220 us    |        _raw_spin_lock();
  0)  user-179720   |               |        free_pages() {
  0)  user-179720   |               |          free_pages.part.0() {
  0)  user-179720   |               |            __free_pages() {
  0)  user-179720   |               |              free_unref_page() {
  0)  user-179720   |               |                free_pcp_prepare() {
  0)  user-179720   |               |                  __memcg_kmem_uncharge_page() {
  0)  user-179720   |               |                    obj_cgroup_uncharge_pages() {
  0)  user-179720   |               |                      get_mem_cgroup_from_objcg() {
  0)  user-179720   |   0.110 us    |                        rcu_read_unlock_strict();
  0)  user-179720   |   0.110 us    |                        rcu_read_unlock_strict();
  0)  user-179720   |   0.810 us    |                      }
  0)  user-179720   |               |                      page_counter_uncharge() {
  0)  user-179720   |               |                        page_counter_cancel() {
  0)  user-179720   |   0.270 us    |                          propagate_protected_usage();
  0)  user-179720   |   0.630 us    |                        }
  0)  user-179720   |               |                        page_counter_cancel() {
  0)  user-179720   |   0.220 us    |                          propagate_protected_usage();
  0)  user-179720   |   0.550 us    |                        }
  0)  user-179720   |               |                        page_counter_cancel() {
  0)  user-179720   |   0.210 us    |                          propagate_protected_usage();
  0)  user-179720   |   0.560 us    |                        }
  0)  user-179720   |               |                        page_counter_cancel() {
  0)  user-179720   |   0.240 us    |                          propagate_protected_usage();
  0)  user-179720   |   0.570 us    |                        }
  0)  user-179720   |   3.000 us    |                      }
  0)  user-179720   |   0.270 us    |                      refill_stock();
  0)  user-179720   |   0.140 us    |                      rcu_read_unlock_strict();
  0)  user-179720   |   5.460 us    |                    }
  0)  user-179720   |   0.110 us    |                    rcu_read_unlock_strict();
  0)  user-179720   |   6.310 us    |                  }
  0)  user-179720   |   6.600 us    |                }
  0)  user-179720   |   0.320 us    |                free_unref_page_prepare.part.0();
  0)  user-179720   |   0.290 us    |                free_unref_page_commit.isra.0();
  0)  user-179720   |   7.860 us    |              }
  0)  user-179720   |   8.220 us    |            }
  0)  user-179720   |   8.570 us    |          }
  0)  user-179720   |   9.040 us    |        }
  0)  user-179720   | + 10.180 us   |      }
  0)  user-179720   |   0.230 us    |      destroy_context_ldt();
  0)  user-179720   |               |      kmem_cache_free() {
  0)  user-179720   |               |        obj_cgroup_uncharge() {
  0)  user-179720   |               |          refill_obj_stock() {
  0)  user-179720   |               |            obj_cgroup_uncharge_pages() {
  0)  user-179720   |               |              get_mem_cgroup_from_objcg() {
  0)  user-179720   |   0.130 us    |                rcu_read_unlock_strict();
  0)  user-179720   |   0.110 us    |                rcu_read_unlock_strict();
  0)  user-179720   |   0.560 us    |              }
  0)  user-179720   |               |              page_counter_uncharge() {
  0)  user-179720   |               |                page_counter_cancel() {
  0)  user-179720   |   0.130 us    |                  propagate_protected_usage();
  0)  user-179720   |   0.340 us    |                }
  0)  user-179720   |               |                page_counter_cancel() {
  0)  user-179720   |   0.100 us    |                  propagate_protected_usage();
  0)  user-179720   |   0.310 us    |                }
  0)  user-179720   |               |                page_counter_cancel() {
  0)  user-179720   |   0.110 us    |                  propagate_protected_usage();
  0)  user-179720   |   0.310 us    |                }
  0)  user-179720   |               |                page_counter_cancel() {
  0)  user-179720   |   0.120 us    |                  propagate_protected_usage();
  0)  user-179720   |   0.320 us    |                }
  0)  user-179720   |   1.810 us    |              }
  0)  user-179720   |   0.100 us    |              refill_stock();
  0)  user-179720   |   0.100 us    |              rcu_read_unlock_strict();
  0)  user-179720   |   3.110 us    |            }
  0)  user-179720   |   3.350 us    |          }
  0)  user-179720   |   3.580 us    |        }
  0)  user-179720   |   0.140 us    |        mod_objcg_state();
  0)  user-179720   |   0.100 us    |        rcu_read_unlock_strict();
  0)  user-179720   |   4.880 us    |      }
  0)  user-179720   | + 16.020 us   |    }
  0)  user-179720   | + 38.810 us   |  }
  0)  user-179720   |               |  down_read() {
  0)  user-179720   |               |    __cond_resched() {
  0)  user-179720   |   0.120 us    |      rcu_all_qs();
  0)  user-179720   |   0.380 us    |    }
  0)  user-179720   |   0.750 us    |  }
  0)  user-179720   |               |  canon_copy_from_read_buf() {
  0)  user-179720   |   0.410 us    |    tty_audit_add_data();
  0)  user-179720   |   0.120 us    |    tty_audit_push();
  0)  user-179720   |   1.400 us    |  }
  0)  user-179720   |               |  n_tty_check_unthrottle() {
  0)  user-179720   |   0.110 us    |    n_tty_kick_worker();
  0)  user-179720   |               |    tty_wakeup() {
  0)  user-179720   |               |      __wake_up() {
  0)  user-179720   |               |        __wake_up_common_lock() {
  0)  user-179720   |   0.160 us    |          _raw_spin_lock_irqsave();
  0)  user-179720   |               |          __wake_up_common() {
  0)  user-179720   |               |            ep_poll_callback() {
  0)  user-179720   |   0.210 us    |              _raw_read_lock_irqsave();
  0)  user-179720   |   0.110 us    |              _raw_read_unlock_irqrestore();
  0)  user-179720   |   0.730 us    |            }
  0)  user-179720   |   1.060 us    |          }
  0)  user-179720   |   0.120 us    |          _raw_spin_unlock_irqrestore();
  0)  user-179720   |   1.770 us    |        }
  0)  user-179720   |   1.980 us    |      }
  0)  user-179720   |   2.230 us    |    }
  0)  user-179720   |   2.670 us    |  }
  0)  user-179720   |   0.110 us    |  n_tty_kick_worker();
  0)  user-179720   |   0.110 us    |  up_read();
  0)  user-179720   |               |  remove_wait_queue() {
  0)  user-179720   |   0.130 us    |    _raw_spin_lock_irqsave();
  0)  user-179720   |   0.100 us    |    _raw_spin_unlock_irqrestore();
  0)  user-179720   |   0.550 us    |  }
  0)  user-179720   |   0.100 us    |  mutex_unlock();
  0)  user-179720   |               |  __check_object_size() {
  0)  user-179720   |   0.140 us    |    check_stack_object();
  0)  user-179720   |   0.460 us    |  }
  0)  user-179720   |               |  tty_ldisc_deref() {
  0)  user-179720   |   0.110 us    |    ldsem_up_read();
  0)  user-179720   |   0.450 us    |  }
  0)  user-179720   |   0.100 us    |  ktime_get_real_seconds();
  0)  user-179720   |               |  exit_to_user_mode_prepare() {
  0)  user-179720   |   0.130 us    |    fpregs_assert_state_consistent();
  0)  user-179720   |               |    switch_fpu_return() {
  0)  user-179720   |   0.460 us    |      restore_fpregs_from_fpstate();
  0)  user-179720   |   0.800 us    |    }
  0)  user-179720   |   1.620 us    |  }
  0)  user-179720   |   0.160 us    |  down_read_trylock();
  0)  user-179720   |               |  __cond_resched() {
  0)  user-179720   |   0.100 us    |    rcu_all_qs();
  0)  user-179720   |   0.330 us    |  }
  0)  user-179720   |               |  find_vma() {
  0)  user-179720   |   0.450 us    |    vmacache_find();
  0)  user-179720   |   0.120 us    |    vmacache_update();
  0)  user-179720   |   1.240 us    |  }
  0)  user-179720   |               |  handle_mm_fault() {
  0)  user-179720   |   0.130 us    |    mem_cgroup_from_task();
  0)  user-179720   |               |    __count_memcg_events() {
  0)  user-179720   |   0.420 us    |      cgroup_rstat_updated();
  0)  user-179720   |   1.270 us    |    }
  0)  user-179720   |   0.110 us    |    rcu_read_unlock_strict();
  0)  user-179720   |               |    __handle_mm_fault() {
  0)  user-179720   |               |      do_fault() {
  0)  user-179720   |               |        filemap_map_pages() {
  0)  user-179720   |   0.410 us    |          next_uptodate_page();
  0)  user-179720   |   0.370 us    |          _raw_spin_lock();
  0)  user-179720   |   0.120 us    |          PageHuge();
  0)  user-179720   |               |          do_set_pte() {
  0)  user-179720   |               |            page_add_file_rmap() {
  0)  user-179720   |   0.120 us    |              lock_page_memcg();
  0)  user-179720   |               |              __mod_lruvec_page_state() {
  0)  user-179720   |   0.100 us    |                rcu_read_unlock_strict();
  0)  user-179720   |   0.220 us    |                __mod_node_page_state();
  0)  user-179720   |   0.690 us    |              }
  0)  user-179720   |               |              unlock_page_memcg() {
  0)  user-179720   |               |                __unlock_page_memcg() {
  0)  user-179720   |   0.110 us    |                  rcu_read_unlock_strict();
  0)  user-179720   |   0.320 us    |                }
  0)  user-179720   |   0.550 us    |              }
  0)  user-179720   |   1.810 us    |            }
  0)  user-179720   |   2.090 us    |          }
  0)  user-179720   |   0.110 us    |          unlock_page();
  0)  user-179720   |   0.120 us    |          next_uptodate_page();
  0)  user-179720   |   0.110 us    |          rcu_read_unlock_strict();
  0)  user-179720   |   5.710 us    |        }
  0)  user-179720   |   6.200 us    |      }
  0)  user-179720   |   7.120 us    |    }
  0)  user-179720   |   9.440 us    |  }
  0)  user-179720   |   0.100 us    |  up_read();
  0)  user-179720   |               |  exit_to_user_mode_prepare() {
  0)  user-179720   |   0.130 us    |    fpregs_assert_state_consistent();
  0)  user-179720   |   0.350 us    |  }
  0)  user-179720   |               |  x64_sys_call() {
  0)  user-179720   |               |    __x64_sys_read() {
  0)  user-179720   |               |      ksys_read() {
  0)  user-179720   |               |        __fdget_pos() {
  0)  user-179720   |   0.510 us    |          __fget_light();
  0)  user-179720   |   0.770 us    |        }
  0)  user-179720   |               |        vfs_read() {
  0)  user-179720   |               |          rw_verify_area() {
  0)  user-179720   |               |            security_file_permission() {
  0)  user-179720   |               |              apparmor_file_permission() {
  0)  user-179720   |               |                common_file_perm() {
  0)  user-179720   |               |                  aa_file_perm() {
  0)  user-179720   |   0.100 us    |                    rcu_read_unlock_strict();
  0)  user-179720   |   0.600 us    |                  }
  0)  user-179720   |   1.500 us    |                }
  0)  user-179720   |   1.720 us    |              }
  0)  user-179720   |   2.040 us    |            }
  0)  user-179720   |   2.380 us    |          }
  0)  user-179720   |               |          new_sync_read() {
  0)  user-179720   |               |            tty_read() {
  0)  user-179720   |   0.110 us    |              tty_paranoia_check();
  0)  user-179720   |               |              tty_ldisc_ref_wait() {
  0)  user-179720   |               |                ldsem_down_read() {
  0)  user-179720   |               |                  __cond_resched() {
  0)  user-179720   |   0.110 us    |                    rcu_all_qs();
  0)  user-179720   |   0.310 us    |                  }
  0)  user-179720   |   0.530 us    |                }
  0)  user-179720   |   0.750 us    |              }
  0)  user-179720   |               |              n_tty_read() {
  0)  user-179720   |               |                __tty_check_change() {
  0)  user-179720   |               |                  __tty_check_change.part.0() {
  0)  user-179720   |   0.110 us    |                    _raw_spin_lock_irqsave();
  0)  user-179720   |   0.100 us    |                    _raw_spin_unlock_irqrestore();
  0)  user-179720   |   0.100 us    |                    rcu_read_unlock_strict();
  0)  user-179720   |   0.860 us    |                  }
  0)  user-179720   |   1.360 us    |                }
  0)  user-179720   |               |                mutex_lock_interruptible() {
  0)  user-179720   |               |                  __cond_resched() {
  0)  user-179720   |   0.110 us    |                    rcu_all_qs();
  0)  user-179720   |   0.320 us    |                  }
  0)  user-179720   |   0.530 us    |                }
  0)  user-179720   |               |                down_read() {
  0)  user-179720   |               |                  __cond_resched() {
  0)  user-179720   |   0.120 us    |                    rcu_all_qs();
  0)  user-179720   |   0.400 us    |                  }
  0)  user-179720   |   0.620 us    |                }
  0)  user-179720   |               |                add_wait_queue() {
  0)  user-179720   |   0.100 us    |                  _raw_spin_lock_irqsave();
  0)  user-179720   |   0.110 us    |                  _raw_spin_unlock_irqrestore();
  0)  user-179720   |   0.560 us    |                }
  0)  user-179720   |   0.100 us    |                up_read();
  0)  user-179720   |               |                tty_buffer_flush_work() {
  0)  user-179720   |               |                  flush_work() {
  0)  user-179720   |               |                    __flush_work() {
  0)  user-179720   |               |                      __cond_resched() {
  0)  user-179720   |   0.130 us    |                        rcu_all_qs();
  0)  user-179720   |   0.360 us    |                      }
  0)  user-179720   |   0.320 us    |                      get_work_pool();
  0)  user-179720   |   0.130 us    |                      _raw_spin_lock_irq();
  0)  user-179720   |   0.110 us    |                      rcu_read_unlock_strict();
  0)  user-179720   |   1.760 us    |                    }
  0)  user-179720   |   2.010 us    |                  }
  0)  user-179720   |   2.270 us    |                }
  0)  user-179720   |               |                down_read() {
  0)  user-179720   |               |                  __cond_resched() {
  0)  user-179720   |   0.130 us    |                    rcu_all_qs();
  0)  user-179720   |   0.380 us    |                  }
  0)  user-179720   |   0.590 us    |                }
  0)  user-179720   |   0.110 us    |                tty_hung_up_p();
  0)  user-179720   |   0.110 us    |                up_read();
  0)  user-179720   |               |                wait_woken() {
  0)  user-179720   |               |                  schedule_timeout() {
  0)  user-179720   |               |                    schedule() {
  0)  user-179720   |               |                      rcu_note_context_switch() {
  0)  user-179720   |   0.110 us    |                        rcu_qs();
  0)  user-179720   |   0.340 us    |                      }
  0)  user-179720   |               |                      raw_spin_rq_lock_nested.constprop.0() {
  0)  user-179720   |   0.110 us    |                        _raw_spin_lock();
  0)  user-179720   |   0.320 us    |                      }
  0)  user-179720   |   0.150 us    |                      update_rq_clock();
  0)  user-179720   |               |                      dequeue_task_fair() {
  0)  user-179720   |               |                        dequeue_entity() {
  0)  user-179720   |               |                          update_curr() {
  0)  user-179720   |   0.130 us    |                            update_min_vruntime();
  0)  user-179720   |   0.180 us    |                            cpuacct_charge();
  0)  user-179720   |               |                            __cgroup_account_cputime() {
  0)  user-179720   |   0.180 us    |                              cgroup_rstat_updated();
  0)  user-179720   |   0.560 us    |                            }
  0)  user-179720   |   1.500 us    |                          }
  0)  user-179720   |   0.250 us    |                          __update_load_avg_se();
  0)  user-179720   |   0.130 us    |                          __update_load_avg_cfs_rq();
  0)  user-179720   |   0.110 us    |                          clear_buddies();
  0)  user-179720   |   0.110 us    |                          update_cfs_group();
  0)  user-179720   |   0.170 us    |                          update_min_vruntime();
  0)  user-179720   |   3.110 us    |                        }
  0)  user-179720   |               |                        dequeue_entity() {
  0)  user-179720   |               |                          update_curr() {
  0)  user-179720   |   0.120 us    |                            update_min_vruntime();
  0)  user-179720   |   0.350 us    |                          }
  0)  user-179720   |   0.130 us    |                          __update_load_avg_se();
  0)  user-179720   |   0.110 us    |                          __update_load_avg_cfs_rq();
  0)  user-179720   |   0.110 us    |                          clear_buddies();
  0)  user-179720   |               |                          update_cfs_group() {
  0)  user-179720   |   0.130 us    |                            reweight_entity();
  0)  user-179720   |   0.370 us    |                          }
  0)  user-179720   |   0.100 us    |                          update_min_vruntime();
  0)  user-179720   |   1.930 us    |                        }
  0)  user-179720   |   0.170 us    |                        hrtick_update();
  0)  user-179720   |   5.850 us    |                      }
  0)  user-179720   |               |                      pick_next_task() {
  0)  user-179720   |               |                        pick_next_task_fair() {
  0)  user-179720   |               |                          newidle_balance() {
  0)  user-179720   |   0.120 us    |                            __msecs_to_jiffies();
  0)  user-179720   |   0.110 us    |                            rcu_read_unlock_strict();
  0)  user-179720   |   0.640 us    |                          }
  0)  user-179720   |   0.860 us    |                        }
  0)  user-179720   |               |                        put_prev_task_fair() {
  0)  user-179720   |               |                          put_prev_entity() {
  0)  user-179720   |   0.100 us    |                            check_cfs_rq_runtime();
  0)  user-179720   |   0.330 us    |                          }
  0)  user-179720   |               |                          put_prev_entity() {
  0)  user-179720   |   0.100 us    |                            check_cfs_rq_runtime();
  0)  user-179720   |   0.310 us    |                          }
  0)  user-179720   |   0.980 us    |                        }
  0)  user-179720   |               |                        pick_next_task_idle() {
  0)  user-179720   |               |                          set_next_task_idle() {
  0)  user-179720   |   0.110 us    |                            queue_core_balance();
  0)  user-179720   |   0.330 us    |                          }
  0)  user-179720   |   0.730 us    |                        }
  0)  user-179720   |   3.080 us    |                      } /* pick_next_task */
  0)  user-179720   |               |                      psi_task_switch() {
  0)  user-179720   |   0.100 us    |                        psi_flags_change();
  0)  user-179720   |   0.120 us    |                        iterate_groups.isra.0();
  0)  user-179720   |   0.310 us    |                        psi_group_change();
  0)  user-179720   |   0.110 us    |                        iterate_groups.isra.0();
  0)  user-179720   |   0.160 us    |                        psi_group_change();
  0)  user-179720   |   0.100 us    |                        iterate_groups.isra.0();
  0)  user-179720   |   0.130 us    |                        psi_group_change();
  0)  user-179720   |   0.120 us    |                        iterate_groups.isra.0();
  0)  user-179720   |   0.130 us    |                        psi_group_change();
  0)  user-179720   |   0.110 us    |                        iterate_groups.isra.0();
  0)  user-179720   |   2.620 us    |                      }
  0)  user-179720   |   0.550 us    |                      __traceiter_sched_switch();
 ------------------------------------------
  0)  user-179720   =>    <idle>-0   
 ------------------------------------------

  0)    <idle>-0    |               |  switch_mm_irqs_off() {
  0)    <idle>-0    |   0.300 us    |    load_new_mm_cr3();
  0)    <idle>-0    |   0.210 us    |    switch_ldt();
  0)    <idle>-0    |   6.880 us    |  }
 ------------------------------------------
  0)    <idle>-0    =>  user-179720  
 ------------------------------------------

  0)  user-179720   |               |                      finish_task_switch() {
  0)  user-179720   |   0.220 us    |                        raw_spin_rq_unlock();
  0)  user-179720   |   0.130 us    |                        irq_enter_rcu();
  0)  user-179720   |               |                        __sysvec_irq_work() {
  0)  user-179720   |               |                          __wake_up() {
  0)  user-179720   |               |                            __wake_up_common_lock() {
  0)  user-179720   |   0.110 us    |                              _raw_spin_lock_irqsave();
  0)  user-179720   |               |                              __wake_up_common() {
  0)  user-179720   |               |                                autoremove_wake_function() {
  0)  user-179720   |               |                                  default_wake_function() {
  0)  user-179720   |               |                                    try_to_wake_up() {
  0)  user-179720   |   0.580 us    |                                      _raw_spin_lock_irqsave();
  0)  user-179720   |               |                                      select_task_rq_fair() {
  0)  user-179720   |   0.130 us    |                                        available_idle_cpu();
  0)  user-179720   |   0.250 us    |                                        available_idle_cpu();
  0)  user-179720   |               |                                        select_idle_sibling() {
  0)  user-179720   |   0.110 us    |                                          available_idle_cpu();
  0)  user-179720   |   0.330 us    |                                        }
  0)  user-179720   |   0.110 us    |                                        rcu_read_unlock_strict();
  0)  user-179720   |   1.830 us    |                                      }
  0)  user-179720   |               |                                      ttwu_queue_wakelist() {
  0)  user-179720   |               |                                        __smp_call_single_queue() {
  0)  user-179720   |               |                                          send_call_function_single_ipi() {
  0)  user-179720   |               |                                            native_send_call_func_single_ipi() {
  0)  user-179720   |   4.900 us    |                                              x2apic_send_IPI();
  0)  user-179720   |   5.150 us    |                                            }
  0)  user-179720   |   5.520 us    |                                          }
  0)  user-179720   |   6.290 us    |                                        }
  0)  user-179720   |   6.600 us    |                                      }
  0)  user-179720   |   0.110 us    |                                      _raw_spin_unlock_irqrestore();
  0)  user-179720   | + 10.230 us   |                                    }
  0)  user-179720   | + 10.460 us   |                                  }
  0)  user-179720   | + 10.700 us   |                                }
  0)  user-179720   | + 11.270 us   |                              }
  0)  user-179720   |   0.110 us    |                              _raw_spin_unlock_irqrestore();
  0)  user-179720   | + 11.900 us   |                            }
  0)  user-179720   | + 12.220 us   |                          }
  0)  user-179720   | + 12.730 us   |                        }
  0)  user-179720   |               |                        irq_exit_rcu() {
  0)  user-179720   |   0.120 us    |                          idle_cpu();
  0)  user-179720   |   0.320 us    |                        }
  0)  user-179720   | + 16.400 us   |                      } /* finish_task_switch */
  0)  user-179720   | $ 17332742 us |                    }
  0)  user-179720   | $ 17332743 us |                  }
  0)  user-179720   | $ 17332743 us |                }
  0)  user-179720   |               |                down_read() {
  0)  user-179720   |               |                  __cond_resched() {
  0)  user-179720   |   0.110 us    |                    rcu_all_qs();
  0)  user-179720   |   0.340 us    |                  }
  0)  user-179720   |   0.740 us    |                }
  0)  user-179720   |               |                canon_copy_from_read_buf() {
  0)  user-179720   |   0.510 us    |                  tty_audit_add_data();
  0)  user-179720   |   0.120 us    |                  tty_audit_push();
  0)  user-179720   |   1.460 us    |                }
  0)  user-179720   |               |                n_tty_check_unthrottle() {
  0)  user-179720   |   0.110 us    |                  n_tty_kick_worker();
  0)  user-179720   |               |                  tty_wakeup() {
  0)  user-179720   |               |                    __wake_up() {
  0)  user-179720   |               |                      __wake_up_common_lock() {
  0)  user-179720   |   0.130 us    |                        _raw_spin_lock_irqsave();
  0)  user-179720   |               |                        __wake_up_common() {
  0)  user-179720   |               |                          ep_poll_callback() {
  0)  user-179720   |   0.240 us    |                            _raw_read_lock_irqsave();
  0)  user-179720   |   0.110 us    |                            _raw_read_unlock_irqrestore();
  0)  user-179720   |   0.800 us    |                          }
  0)  user-179720   |   1.140 us    |                        }
  0)  user-179720   |   0.120 us    |                        _raw_spin_unlock_irqrestore();
  0)  user-179720   |   2.610 us    |                      }
  0)  user-179720   |   2.850 us    |                    }
  0)  user-179720   |   3.100 us    |                  }
  0)  user-179720   |   3.600 us    |                }
  0)  user-179720   |   0.100 us    |                n_tty_kick_worker();
  0)  user-179720   |   0.100 us    |                up_read();
  0)  user-179720   |               |                remove_wait_queue() {
  0)  user-179720   |   0.120 us    |                  _raw_spin_lock_irqsave();
  0)  user-179720   |   0.200 us    |                  _raw_spin_unlock_irqrestore();
  0)  user-179720   |   0.640 us    |                }
  0)  user-179720   |   0.110 us    |                mutex_unlock();
  0)  user-179720   | $ 17332759 us |              }
  0)  user-179720   |               |              __check_object_size() {
  0)  user-179720   |   0.130 us    |                check_stack_object();
  0)  user-179720   |   0.400 us    |              }
  0)  user-179720   |               |              tty_ldisc_deref() {
  0)  user-179720   |   0.110 us    |                ldsem_up_read();
  0)  user-179720   |   0.550 us    |              }
  0)  user-179720   |   0.110 us    |              ktime_get_real_seconds();
  0)  user-179720   | $ 17332763 us |            }
  0)  user-179720   | $ 17332763 us |          }
  0)  user-179720   | $ 17332767 us |        }
  0)  user-179720   | $ 17332768 us |      }
  0)  user-179720   | $ 17332768 us |    } /* __x64_sys_read */
  0)  user-179720   | $ 17332769 us |  } /* x64_sys_call */
  0)  user-179720   |               |  exit_to_user_mode_prepare() {
  0)  user-179720   |   0.150 us    |    fpregs_assert_state_consistent();
  0)  user-179720   |               |    switch_fpu_return() {
  0)  user-179720   |   0.640 us    |      restore_fpregs_from_fpstate();
  0)  user-179720   |   0.990 us    |    }
  0)  user-179720   |   1.650 us    |  }
  0)  user-179720   |               |  x64_sys_call() {
  0)  user-179720   |               |    __x64_sys_read() {
  0)  user-179720   |               |      ksys_read() {
  0)  user-179720   |               |        __fdget_pos() {
  0)  user-179720   |   0.540 us    |          __fget_light();
  0)  user-179720   |   0.770 us    |        }
  0)  user-179720   |               |        vfs_read() {
  0)  user-179720   |               |          rw_verify_area() {
  0)  user-179720   |               |            security_file_permission() {
  0)  user-179720   |               |              apparmor_file_permission() {
  0)  user-179720   |               |                common_file_perm() {
  0)  user-179720   |               |                  aa_file_perm() {
  0)  user-179720   |   0.110 us    |                    rcu_read_unlock_strict();
  0)  user-179720   |   0.600 us    |                  }
  0)  user-179720   |   1.540 us    |                }
  0)  user-179720   |   1.770 us    |              }
  0)  user-179720   |   2.070 us    |            }
  0)  user-179720   |   2.400 us    |          }
  0)  user-179720   |               |          new_sync_read() {
  0)  user-179720   |               |            tty_read() {
  0)  user-179720   |   0.110 us    |              tty_paranoia_check();
  0)  user-179720   |               |              tty_ldisc_ref_wait() {
  0)  user-179720   |               |                ldsem_down_read() {
  0)  user-179720   |               |                  __cond_resched() {
  0)  user-179720   |   0.110 us    |                    rcu_all_qs();
  0)  user-179720   |   0.350 us    |                  }
  0)  user-179720   |   0.580 us    |                }
  0)  user-179720   |   0.810 us    |              }
  0)  user-179720   |               |              n_tty_read() {
  0)  user-179720   |               |                __tty_check_change() {
  0)  user-179720   |               |                  __tty_check_change.part.0() {
  0)  user-179720   |   0.110 us    |                    _raw_spin_lock_irqsave();
  0)  user-179720   |   0.110 us    |                    _raw_spin_unlock_irqrestore();
  0)  user-179720   |   0.110 us    |                    rcu_read_unlock_strict();
  0)  user-179720   |   0.860 us    |                  }
  0)  user-179720   |   1.350 us    |                }
  0)  user-179720   |               |                mutex_lock_interruptible() {
  0)  user-179720   |               |                  __cond_resched() {
  0)  user-179720   |   0.130 us    |                    rcu_all_qs();
  0)  user-179720   |   0.340 us    |                  }
  0)  user-179720   |   0.560 us    |                }
  0)  user-179720   |               |                down_read() {
  0)  user-179720   |               |                  __cond_resched() {
  0)  user-179720   |   0.110 us    |                    rcu_all_qs();
  0)  user-179720   |   0.310 us    |                  }
  0)  user-179720   |   0.520 us    |                }
  0)  user-179720   |               |                add_wait_queue() {
  0)  user-179720   |   0.110 us    |                  _raw_spin_lock_irqsave();
  0)  user-179720   |   0.110 us    |                  _raw_spin_unlock_irqrestore();
  0)  user-179720   |   0.560 us    |                }
  0)  user-179720   |   0.100 us    |                up_read();
  0)  user-179720   |               |                tty_buffer_flush_work() {
  0)  user-179720   |               |                  flush_work() {
  0)  user-179720   |               |                    __flush_work() {
  0)  user-179720   |               |                      __cond_resched() {
  0)  user-179720   |   0.110 us    |                        rcu_all_qs();
  0)  user-179720   |   0.310 us    |                      }
  0)  user-179720   |   0.320 us    |                      get_work_pool();
  0)  user-179720   |   0.320 us    |                      _raw_spin_lock_irq();
  0)  user-179720   |   0.130 us    |                      rcu_read_unlock_strict();
  0)  user-179720   |   1.920 us    |                    }
  0)  user-179720   |   2.160 us    |                  }
  0)  user-179720   |   2.610 us    |                }
  0)  user-179720   |               |                down_read() {
  0)  user-179720   |               |                  __cond_resched() {
  0)  user-179720   |   0.100 us    |                    rcu_all_qs();
  0)  user-179720   |   0.420 us    |                  }
  0)  user-179720   |   0.660 us    |                }
  0)  user-179720   |   0.110 us    |                tty_hung_up_p();
  0)  user-179720   |   0.110 us    |                up_read();
  0)  user-179720   |               |                wait_woken() {
  0)  user-179720   |               |                  schedule_timeout() {
  0)  user-179720   |               |                    schedule() {
  0)  user-179720   |               |                      rcu_note_context_switch() {
  0)  user-179720   |   0.100 us    |                        rcu_qs();
  0)  user-179720   |   0.330 us    |                      }
  0)  user-179720   |               |                      raw_spin_rq_lock_nested.constprop.0() {
  0)  user-179720   |   0.100 us    |                        _raw_spin_lock();
  0)  user-179720   |   0.310 us    |                      }
  0)  user-179720   |   0.130 us    |                      update_rq_clock();
  0)  user-179720   |               |                      dequeue_task_fair() {
  0)  user-179720   |               |                        dequeue_entity() {
  0)  user-179720   |               |                          update_curr() {
  0)  user-179720   |   0.130 us    |                            update_min_vruntime();
  0)  user-179720   |   0.140 us    |                            cpuacct_charge();
  0)  user-179720   |               |                            __cgroup_account_cputime() {
  0)  user-179720   |   0.110 us    |                              cgroup_rstat_updated();
  0)  user-179720   |   0.610 us    |                            }
  0)  user-179720   |   1.590 us    |                          }
  0)  user-179720   |               |                          __update_load_avg_se() {
  0)  user-179720   |   0.130 us    |                            decay_load();
  0)  user-179720   |   0.100 us    |                            decay_load();
  0)  user-179720   |   0.100 us    |                            decay_load();
  0)  user-179720   |               |                            __accumulate_pelt_segments() {
  0)  user-179720   |   0.100 us    |                              decay_load();
  0)  user-179720   |   0.110 us    |                              decay_load();
  0)  user-179720   |   0.520 us    |                            }
  0)  user-179720   |   1.450 us    |                          }
  0)  user-179720   |               |                          __update_load_avg_cfs_rq() {
  0)  user-179720   |   0.110 us    |                            decay_load();
  0)  user-179720   |   0.110 us    |                            decay_load();
  0)  user-179720   |   0.100 us    |                            decay_load();
  0)  user-179720   |               |                            __accumulate_pelt_segments() {
  0)  user-179720   |   0.140 us    |                              decay_load();
  0)  user-179720   |   0.100 us    |                              decay_load();
  0)  user-179720   |   0.550 us    |                            }
  0)  user-179720   |   1.430 us    |                          }
  0)  user-179720   |   0.110 us    |                          clear_buddies();
  0)  user-179720   |   0.100 us    |                          update_cfs_group();
  0)  user-179720   |   0.120 us    |                          update_min_vruntime();
  0)  user-179720   |   5.760 us    |                        }
  0)  user-179720   |               |                        dequeue_entity() {
  0)  user-179720   |               |                          update_curr() {
  0)  user-179720   |   0.120 us    |                            update_min_vruntime();
  0)  user-179720   |   0.380 us    |                          }
  0)  user-179720   |               |                          __update_load_avg_se() {
  0)  user-179720   |   0.110 us    |                            decay_load();
  0)  user-179720   |   0.110 us    |                            decay_load();
  0)  user-179720   |   0.110 us    |                            decay_load();
  0)  user-179720   |               |                            __accumulate_pelt_segments() {
  0)  user-179720   |   0.100 us    |                              decay_load();
  0)  user-179720   |   0.100 us    |                              decay_load();
  0)  user-179720   |   0.520 us    |                            }
  0)  user-179720   |   1.380 us    |                          }
  0)  user-179720   |               |                          __update_load_avg_cfs_rq() {
  0)  user-179720   |   0.100 us    |                            decay_load();
  0)  user-179720   |   0.100 us    |                            decay_load();
  0)  user-179720   |   0.100 us    |                            decay_load();
  0)  user-179720   |               |                            __accumulate_pelt_segments() {
  0)  user-179720   |   0.110 us    |                              decay_load();
  0)  user-179720   |   0.110 us    |                              decay_load();
  0)  user-179720   |   0.520 us    |                            }
  0)  user-179720   |   1.370 us    |                          }
  0)  user-179720   |   0.110 us    |                          clear_buddies();
  0)  user-179720   |               |                          update_cfs_group() {
  0)  user-179720   |   0.110 us    |                            reweight_entity();
  0)  user-179720   |   0.350 us    |                          }
  0)  user-179720   |   0.110 us    |                          update_min_vruntime();
  0)  user-179720   |   4.500 us    |                        }
  0)  user-179720   |   0.100 us    |                        hrtick_update();
  0)  user-179720   | + 10.880 us   |                      }
  0)  user-179720   |               |                      pick_next_task() {
  0)  user-179720   |               |                        pick_next_task_fair() {
  0)  user-179720   |               |                          newidle_balance() {
  0)  user-179720   |   0.110 us    |                            __msecs_to_jiffies();
  0)  user-179720   |   0.130 us    |                            rcu_read_unlock_strict();
  0)  user-179720   |   1.030 us    |                          }
  0)  user-179720   |   1.350 us    |                        }
  0)  user-179720   |               |                        put_prev_task_fair() {
  0)  user-179720   |               |                          put_prev_entity() {
  0)  user-179720   |   0.110 us    |                            check_cfs_rq_runtime();
  0)  user-179720   |   0.320 us    |                          }
  0)  user-179720   |               |                          put_prev_entity() {
  0)  user-179720   |   0.100 us    |                            check_cfs_rq_runtime();
  0)  user-179720   |   0.310 us    |                          }
  0)  user-179720   |   1.000 us    |                        }
  0)  user-179720   |               |                        pick_next_task_idle() {
  0)  user-179720   |               |                          set_next_task_idle() {
  0)  user-179720   |   0.100 us    |                            queue_core_balance();
  0)  user-179720   |   0.330 us    |                          }
  0)  user-179720   |   0.540 us    |                        }
  0)  user-179720   |   3.370 us    |                      }
  0)  user-179720   |               |                      psi_task_switch() {
  0)  user-179720   |   0.110 us    |                        psi_flags_change();
  0)  user-179720   |   0.120 us    |                        iterate_groups.isra.0();
  0)  user-179720   |   0.290 us    |                        psi_group_change();
  0)  user-179720   |   0.110 us    |                        iterate_groups.isra.0();
  0)  user-179720   |   0.160 us    |                        psi_group_change();
  0)  user-179720   |   0.100 us    |                        iterate_groups.isra.0();
  0)  user-179720   |   0.130 us    |                        psi_group_change();
  0)  user-179720   |   0.120 us    |                        iterate_groups.isra.0();
  0)  user-179720   |   0.120 us    |                        psi_group_change();
  0)  user-179720   |   0.120 us    |                        iterate_groups.isra.0();
  0)  user-179720   |   2.610 us    |                      }
  0)  user-179720   |   0.430 us    |                      __traceiter_sched_switch();
